mode: set
github.com/shipengqi/kube/configmap.go:12.119,14.2 1 1
github.com/shipengqi/kube/configmap.go:17.103,19.2 1 1
github.com/shipengqi/kube/configmap.go:22.104,23.28 1 1
github.com/shipengqi/kube/configmap.go:26.2,26.91 1 1
github.com/shipengqi/kube/configmap.go:23.28,25.3 1 0
github.com/shipengqi/kube/configmap.go:30.104,31.28 1 0
github.com/shipengqi/kube/configmap.go:34.2,34.91 1 0
github.com/shipengqi/kube/configmap.go:31.28,33.3 1 0
github.com/shipengqi/kube/configmap.go:38.118,46.2 1 0
github.com/shipengqi/kube/configmap.go:49.129,51.31 2 0
github.com/shipengqi/kube/configmap.go:58.2,59.37 2 0
github.com/shipengqi/kube/configmap.go:51.31,57.3 5 0
github.com/shipengqi/kube/configmap.go:63.85,65.2 1 1
github.com/shipengqi/kube/helper.go:35.42,36.67 1 0
github.com/shipengqi/kube/helper.go:45.2,45.11 1 0
github.com/shipengqi/kube/helper.go:36.67,39.17 3 0
github.com/shipengqi/kube/helper.go:39.17,41.4 1 0
github.com/shipengqi/kube/helper.go:42.8,44.3 1 0
github.com/shipengqi/kube/helper.go:50.60,53.2 2 0
github.com/shipengqi/kube/helper.go:56.59,58.26 2 1
github.com/shipengqi/kube/helper.go:71.2,71.18 1 1
github.com/shipengqi/kube/helper.go:58.26,60.17 2 1
github.com/shipengqi/kube/helper.go:63.3,64.17 2 1
github.com/shipengqi/kube/helper.go:67.3,67.20 1 1
github.com/shipengqi/kube/helper.go:60.17,62.4 1 0
github.com/shipengqi/kube/helper.go:64.17,66.4 1 0
github.com/shipengqi/kube/helper.go:67.20,69.4 1 1
github.com/shipengqi/kube/helper.go:74.59,78.32 3 1
github.com/shipengqi/kube/helper.go:93.2,93.18 1 1
github.com/shipengqi/kube/helper.go:78.32,79.20 1 1
github.com/shipengqi/kube/helper.go:82.3,84.17 3 1
github.com/shipengqi/kube/helper.go:87.3,87.27 1 1
github.com/shipengqi/kube/helper.go:79.20,80.12 1 1
github.com/shipengqi/kube/helper.go:84.17,86.4 1 0
github.com/shipengqi/kube/helper.go:96.93,97.55 1 1
github.com/shipengqi/kube/helper.go:108.2,108.12 1 1
github.com/shipengqi/kube/helper.go:97.55,99.17 2 1
github.com/shipengqi/kube/helper.go:99.17,101.4 1 0
github.com/shipengqi/kube/helper.go:102.8,104.17 2 1
github.com/shipengqi/kube/helper.go:104.17,106.4 1 0
github.com/shipengqi/kube/helper.go:111.74,112.55 1 1
github.com/shipengqi/kube/helper.go:118.2,118.12 1 1
github.com/shipengqi/kube/helper.go:112.55,114.17 2 1
github.com/shipengqi/kube/helper.go:114.17,116.4 1 0
github.com/shipengqi/kube/helper.go:121.86,123.16 2 1
github.com/shipengqi/kube/helper.go:126.2,127.16 2 1
github.com/shipengqi/kube/helper.go:130.2,130.8 1 1
github.com/shipengqi/kube/helper.go:123.16,125.3 1 0
github.com/shipengqi/kube/helper.go:127.16,129.3 1 0
github.com/shipengqi/kube/helper.go:134.39,137.19 3 0
github.com/shipengqi/kube/helper.go:147.2,147.12 1 0
github.com/shipengqi/kube/helper.go:137.19,138.21 1 0
github.com/shipengqi/kube/helper.go:141.3,141.24 1 0
github.com/shipengqi/kube/helper.go:144.3,145.26 2 0
github.com/shipengqi/kube/helper.go:138.21,139.12 1 0
github.com/shipengqi/kube/helper.go:141.24,142.12 1 0
github.com/shipengqi/kube/helper.go:151.28,153.2 1 1
github.com/shipengqi/kube/helper.go:155.53,157.20 2 1
github.com/shipengqi/kube/helper.go:160.2,160.13 1 1
github.com/shipengqi/kube/helper.go:157.20,159.3 1 0
github.com/shipengqi/kube/pod.go:11.107,13.2 1 0
github.com/shipengqi/kube/pod.go:16.91,18.2 1 1
github.com/shipengqi/kube/pod.go:21.87,22.29 1 0
github.com/shipengqi/kube/pod.go:25.2,25.87 1 0
github.com/shipengqi/kube/pod.go:22.29,24.3 1 0
github.com/shipengqi/kube/pod.go:29.79,31.2 1 0
github.com/shipengqi/kube/client.go:33.31,35.2 1 1
github.com/shipengqi/kube/client.go:38.27,41.2 2 0
github.com/shipengqi/kube/client.go:44.29,46.2 1 0
github.com/shipengqi/kube/client.go:50.86,53.2 2 0
github.com/shipengqi/kube/client.go:56.62,57.22 1 0
github.com/shipengqi/kube/client.go:60.2,61.16 2 0
github.com/shipengqi/kube/client.go:64.2,64.62 1 0
github.com/shipengqi/kube/client.go:67.2,67.23 1 0
github.com/shipengqi/kube/client.go:57.22,59.3 1 0
github.com/shipengqi/kube/client.go:61.16,63.3 1 0
github.com/shipengqi/kube/client.go:64.62,66.3 1 0
github.com/shipengqi/kube/client.go:71.55,72.21 1 1
github.com/shipengqi/kube/client.go:75.2,76.16 2 1
github.com/shipengqi/kube/client.go:79.2,79.62 1 1
github.com/shipengqi/kube/client.go:82.2,82.22 1 1
github.com/shipengqi/kube/client.go:72.21,74.3 1 0
github.com/shipengqi/kube/client.go:76.16,78.3 1 0
github.com/shipengqi/kube/client.go:79.62,81.3 1 0
github.com/shipengqi/kube/client.go:86.53,91.17 2 1
github.com/shipengqi/kube/client.go:102.2,102.20 1 1
github.com/shipengqi/kube/client.go:105.2,107.17 2 1
github.com/shipengqi/kube/client.go:91.17,93.17 2 0
github.com/shipengqi/kube/client.go:93.17,95.4 1 0
github.com/shipengqi/kube/client.go:96.8,98.17 2 1
github.com/shipengqi/kube/client.go:98.17,100.4 1 0
github.com/shipengqi/kube/client.go:102.20,104.3 1 0
github.com/shipengqi/kube/client.go:111.81,113.16 2 1
github.com/shipengqi/kube/client.go:116.2,118.24 3 1
github.com/shipengqi/kube/client.go:123.2,123.32 1 1
github.com/shipengqi/kube/client.go:113.16,115.3 1 0
github.com/shipengqi/kube/client.go:118.24,120.3 1 1
github.com/shipengqi/kube/client.go:120.8,122.3 1 0
github.com/shipengqi/kube/rbac.go:12.129,14.2 1 1
github.com/shipengqi/kube/rbac.go:17.113,19.2 1 1
github.com/shipengqi/kube/rbac.go:22.119,23.28 1 1
github.com/shipengqi/kube/rbac.go:26.2,26.96 1 1
github.com/shipengqi/kube/rbac.go:23.28,25.3 1 0
github.com/shipengqi/kube/rbac.go:30.90,32.2 1 1
github.com/shipengqi/kube/rbac.go:35.105,37.2 1 1
github.com/shipengqi/kube/rbac.go:40.96,42.2 1 1
github.com/shipengqi/kube/rbac.go:45.112,47.2 1 1
github.com/shipengqi/kube/rbac.go:50.76,52.2 1 1
github.com/shipengqi/kube/rbac.go:55.109,57.2 1 1
github.com/shipengqi/kube/rbac.go:60.93,62.2 1 1
github.com/shipengqi/kube/rbac.go:65.91,66.30 1 1
github.com/shipengqi/kube/rbac.go:69.2,69.90 1 1
github.com/shipengqi/kube/rbac.go:66.30,68.3 1 0
github.com/shipengqi/kube/rbac.go:73.80,75.2 1 1
github.com/shipengqi/kube/cluster.go:11.91,13.2 1 1
github.com/shipengqi/kube/cluster.go:16.82,18.2 1 1
github.com/shipengqi/kube/cluster.go:21.69,23.2 1 0
github.com/shipengqi/kube/cluster.go:26.101,28.2 1 1
github.com/shipengqi/kube/cluster.go:31.92,33.2 1 1
github.com/shipengqi/kube/cluster.go:36.111,38.2 1 1
github.com/shipengqi/kube/cluster.go:41.74,43.2 1 1
github.com/shipengqi/kube/ingress.go:11.102,13.2 1 1
github.com/shipengqi/kube/ingress.go:16.119,18.2 1 1
github.com/shipengqi/kube/ingress.go:21.105,22.29 1 1
github.com/shipengqi/kube/ingress.go:25.2,25.98 1 1
github.com/shipengqi/kube/ingress.go:22.29,24.3 1 0
github.com/shipengqi/kube/ingress.go:29.83,31.2 1 1
github.com/shipengqi/kube/service.go:11.115,13.2 1 1
github.com/shipengqi/kube/service.go:16.99,18.2 1 1
github.com/shipengqi/kube/service.go:21.99,22.29 1 1
github.com/shipengqi/kube/service.go:25.2,25.91 1 1
github.com/shipengqi/kube/service.go:22.29,24.3 1 0
github.com/shipengqi/kube/service.go:29.83,31.2 1 1
github.com/shipengqi/kube/apply.go:20.46,22.2 1 1
github.com/shipengqi/kube/apply.go:25.47,27.2 1 1
github.com/shipengqi/kube/apply.go:29.62,31.16 2 1
github.com/shipengqi/kube/apply.go:35.2,36.16 2 1
github.com/shipengqi/kube/apply.go:39.2,41.22 2 1
github.com/shipengqi/kube/apply.go:71.2,71.12 1 1
github.com/shipengqi/kube/apply.go:31.16,33.3 1 0
github.com/shipengqi/kube/apply.go:36.16,38.3 1 0
github.com/shipengqi/kube/apply.go:41.22,46.17 4 1
github.com/shipengqi/kube/apply.go:49.3,50.17 2 1
github.com/shipengqi/kube/apply.go:53.3,54.17 2 1
github.com/shipengqi/kube/apply.go:57.3,58.13 2 1
github.com/shipengqi/kube/apply.go:46.17,48.4 1 0
github.com/shipengqi/kube/apply.go:50.17,52.4 1 0
github.com/shipengqi/kube/apply.go:54.17,56.4 1 0
github.com/shipengqi/kube/apply.go:59.23,61.18 2 1
github.com/shipengqi/kube/apply.go:64.24,66.18 2 1
github.com/shipengqi/kube/apply.go:61.18,63.5 1 0
github.com/shipengqi/kube/apply.go:66.18,68.5 1 0
github.com/shipengqi/kube/config.go:33.58,38.2 1 1
github.com/shipengqi/kube/config.go:41.42,42.29 1 1
github.com/shipengqi/kube/config.go:45.2,46.16 2 1
github.com/shipengqi/kube/config.go:50.2,50.12 1 1
github.com/shipengqi/kube/config.go:42.29,44.3 1 0
github.com/shipengqi/kube/config.go:46.16,48.3 1 0
github.com/shipengqi/kube/config.go:54.53,56.2 1 1
github.com/shipengqi/kube/config.go:59.57,61.2 1 0
github.com/shipengqi/kube/config.go:63.59,65.2 1 1
github.com/shipengqi/kube/config.go:67.56,69.2 1 1
github.com/shipengqi/kube/config.go:72.55,73.28 1 1
github.com/shipengqi/kube/config.go:76.2,77.16 2 1
github.com/shipengqi/kube/config.go:81.2,81.32 1 1
github.com/shipengqi/kube/config.go:73.28,75.3 1 0
github.com/shipengqi/kube/config.go:77.16,79.3 1 0
github.com/shipengqi/kube/config.go:85.70,87.16 2 1
github.com/shipengqi/kube/config.go:90.2,90.36 1 1
github.com/shipengqi/kube/config.go:94.2,94.52 1 1
github.com/shipengqi/kube/config.go:87.16,89.3 1 0
github.com/shipengqi/kube/config.go:90.36,92.3 1 1
github.com/shipengqi/kube/config.go:98.71,100.16 2 0
github.com/shipengqi/kube/config.go:104.2,104.26 1 0
github.com/shipengqi/kube/config.go:100.16,102.3 1 0
github.com/shipengqi/kube/config.go:108.48,109.46 1 1
github.com/shipengqi/kube/config.go:112.2,112.27 1 1
github.com/shipengqi/kube/config.go:109.46,111.3 1 1
github.com/shipengqi/kube/config.go:116.75,118.16 2 1
github.com/shipengqi/kube/config.go:121.2,122.22 2 1
github.com/shipengqi/kube/config.go:118.16,120.3 1 0
github.com/shipengqi/kube/config.go:126.48,128.16 2 1
github.com/shipengqi/kube/config.go:131.2,133.22 2 1
github.com/shipengqi/kube/config.go:128.16,130.3 1 0
github.com/shipengqi/kube/config.go:137.73,139.16 2 0
github.com/shipengqi/kube/config.go:143.2,143.42 1 0
github.com/shipengqi/kube/config.go:146.2,146.70 1 0
github.com/shipengqi/kube/config.go:139.16,141.3 1 0
github.com/shipengqi/kube/config.go:143.42,145.3 1 0
github.com/shipengqi/kube/config.go:150.55,151.32 1 1
github.com/shipengqi/kube/config.go:154.2,155.16 2 1
github.com/shipengqi/kube/config.go:158.2,159.16 2 1
github.com/shipengqi/kube/config.go:163.2,163.42 1 1
github.com/shipengqi/kube/config.go:167.2,167.52 1 1
github.com/shipengqi/kube/config.go:151.32,153.3 1 0
github.com/shipengqi/kube/config.go:155.16,157.3 1 0
github.com/shipengqi/kube/config.go:159.16,161.3 1 0
github.com/shipengqi/kube/config.go:163.42,165.3 1 1
github.com/shipengqi/kube/config.go:171.51,173.16 2 0
github.com/shipengqi/kube/config.go:177.2,178.33 2 0
github.com/shipengqi/kube/config.go:182.2,182.16 1 0
github.com/shipengqi/kube/config.go:173.16,175.3 1 0
github.com/shipengqi/kube/config.go:178.33,180.3 1 0
github.com/shipengqi/kube/config.go:186.79,188.16 2 1
github.com/shipengqi/kube/config.go:191.2,192.22 2 1
github.com/shipengqi/kube/config.go:188.16,190.3 1 0
github.com/shipengqi/kube/config.go:196.51,198.16 2 1
github.com/shipengqi/kube/config.go:201.2,203.22 2 1
github.com/shipengqi/kube/config.go:198.16,200.3 1 0
github.com/shipengqi/kube/config.go:207.73,209.16 2 1
github.com/shipengqi/kube/config.go:212.2,212.43 1 1
github.com/shipengqi/kube/config.go:216.2,216.55 1 0
github.com/shipengqi/kube/config.go:209.16,211.3 1 0
github.com/shipengqi/kube/config.go:212.43,214.3 1 1
github.com/shipengqi/kube/config.go:220.52,221.32 1 1
github.com/shipengqi/kube/config.go:225.2,225.33 1 1
github.com/shipengqi/kube/config.go:229.2,230.16 2 1
github.com/shipengqi/kube/config.go:234.2,235.28 2 1
github.com/shipengqi/kube/config.go:238.2,238.42 1 1
github.com/shipengqi/kube/config.go:242.2,242.49 1 1
github.com/shipengqi/kube/config.go:221.32,223.3 1 0
github.com/shipengqi/kube/config.go:225.33,227.3 1 0
github.com/shipengqi/kube/config.go:230.16,232.3 1 0
github.com/shipengqi/kube/config.go:235.28,237.3 1 0
github.com/shipengqi/kube/config.go:238.42,240.3 1 1
github.com/shipengqi/kube/config.go:246.80,248.16 2 1
github.com/shipengqi/kube/config.go:251.2,252.22 2 1
github.com/shipengqi/kube/config.go:248.16,250.3 1 0
github.com/shipengqi/kube/config.go:256.54,258.16 2 1
github.com/shipengqi/kube/config.go:261.2,263.22 2 1
github.com/shipengqi/kube/config.go:258.16,260.3 1 0
github.com/shipengqi/kube/config.go:267.77,269.16 2 1
github.com/shipengqi/kube/config.go:272.2,272.41 1 1
github.com/shipengqi/kube/config.go:276.2,276.58 1 1
github.com/shipengqi/kube/config.go:269.16,271.3 1 0
github.com/shipengqi/kube/config.go:272.41,274.3 1 1
github.com/shipengqi/kube/config.go:280.53,284.2 2 0
github.com/shipengqi/kube/config.go:287.65,292.2 3 1
github.com/shipengqi/kube/config.go:294.48,296.16 2 1
github.com/shipengqi/kube/config.go:299.2,301.22 2 1
github.com/shipengqi/kube/config.go:296.16,298.3 1 0
github.com/shipengqi/kube/config.go:304.56,306.16 2 1
github.com/shipengqi/kube/config.go:309.2,309.47 1 1
github.com/shipengqi/kube/config.go:306.16,308.3 1 0
github.com/shipengqi/kube/controller.go:13.101,15.2 1 0
github.com/shipengqi/kube/controller.go:18.117,20.2 1 0
github.com/shipengqi/kube/controller.go:23.103,24.32 1 0
github.com/shipengqi/kube/controller.go:27.2,27.100 1 0
github.com/shipengqi/kube/controller.go:24.32,26.3 1 0
github.com/shipengqi/kube/controller.go:31.86,33.2 1 0
github.com/shipengqi/kube/controller.go:36.99,38.2 1 0
github.com/shipengqi/kube/controller.go:41.115,43.2 1 0
github.com/shipengqi/kube/controller.go:46.100,47.32 1 0
github.com/shipengqi/kube/controller.go:50.2,50.99 1 0
github.com/shipengqi/kube/controller.go:47.32,49.3 1 0
github.com/shipengqi/kube/controller.go:54.85,56.2 1 0
github.com/shipengqi/kube/controller.go:59.103,61.2 1 0
github.com/shipengqi/kube/controller.go:64.119,66.2 1 0
github.com/shipengqi/kube/controller.go:69.111,70.37 1 0
github.com/shipengqi/kube/controller.go:73.2,73.111 1 0
github.com/shipengqi/kube/controller.go:70.37,72.3 1 0
github.com/shipengqi/kube/controller.go:77.87,79.2 1 0
github.com/shipengqi/kube/controller.go:82.92,84.2 1 0
github.com/shipengqi/kube/controller.go:87.108,89.2 1 0
github.com/shipengqi/kube/controller.go:92.93,93.33 1 0
github.com/shipengqi/kube/controller.go:96.2,96.96 1 0
github.com/shipengqi/kube/controller.go:93.33,95.3 1 0
github.com/shipengqi/kube/controller.go:100.79,102.2 1 0
github.com/shipengqi/kube/controller.go:105.100,107.2 1 0
github.com/shipengqi/kube/controller.go:110.116,112.2 1 0
github.com/shipengqi/kube/controller.go:115.105,116.33 1 0
github.com/shipengqi/kube/controller.go:119.2,119.105 1 0
github.com/shipengqi/kube/controller.go:116.33,118.3 1 0
github.com/shipengqi/kube/controller.go:123.83,125.2 1 0
github.com/shipengqi/kube/exec.go:15.90,17.16 2 1
github.com/shipengqi/kube/exec.go:20.2,39.16 5 1
github.com/shipengqi/kube/exec.go:42.2,43.16 2 1
github.com/shipengqi/kube/exec.go:46.2,51.16 2 1
github.com/shipengqi/kube/exec.go:54.2,54.84 1 1
github.com/shipengqi/kube/exec.go:17.16,19.3 1 0
github.com/shipengqi/kube/exec.go:39.16,41.3 1 0
github.com/shipengqi/kube/exec.go:43.16,45.3 1 0
github.com/shipengqi/kube/exec.go:51.16,53.3 1 0
github.com/shipengqi/kube/secret.go:12.113,14.2 1 1
github.com/shipengqi/kube/secret.go:17.97,19.2 1 1
github.com/shipengqi/kube/secret.go:22.99,23.32 1 1
github.com/shipengqi/kube/secret.go:26.2,26.96 1 1
github.com/shipengqi/kube/secret.go:23.32,25.3 1 0
github.com/shipengqi/kube/secret.go:30.99,31.32 1 0
github.com/shipengqi/kube/secret.go:34.2,34.96 1 0
github.com/shipengqi/kube/secret.go:31.32,33.3 1 0
github.com/shipengqi/kube/secret.go:38.112,46.2 1 0
github.com/shipengqi/kube/secret.go:49.123,51.31 2 0
github.com/shipengqi/kube/secret.go:58.2,59.34 2 0
github.com/shipengqi/kube/secret.go:51.31,57.3 5 0
github.com/shipengqi/kube/secret.go:63.128,65.31 2 0
github.com/shipengqi/kube/secret.go:72.2,73.34 2 0
github.com/shipengqi/kube/secret.go:65.31,71.3 5 0
github.com/shipengqi/kube/secret.go:77.82,79.2 1 1
